<?xml version="1.0" encoding="UTF-8"?>
<!-- Generated by org.testng.reporters.JUnitReportReporter -->
<testsuite skipped="0" hostname="Apples-MacBook-Pro.local" name="com.leafBot.testcases.TC001_LoginLogout" tests="2" failures="0" timestamp="08 Sep 2019 12:14:52 GMT" time="56.457" errors="0">
  <testcase name="runTC001" time="14.940" classname="com.leafBot.testcases.TC001_LoginLogout"/>
  <testcase name="runTC001" time="41.517" classname="com.leafBot.testcases.TC001_LoginLogout"/>
</testsuite> <!-- com.leafBot.testcases.TC001_LoginLogout -->
