<?xml version="1.0" encoding="UTF-8"?>
<!-- Generated by org.testng.reporters.JUnitReportReporter -->
<testsuite skipped="0" hostname="Apples-MacBook-Pro.local" name="com.leafBot.testcases.TC001_LoginLogout" tests="2" failures="0" timestamp="08 Sep 2019 12:14:51 GMT" time="93.085" errors="0">
  <testcase name="runTC001" time="48.456" classname="com.leafBot.testcases.TC001_LoginLogout"/>
  <testcase name="runTC001" time="44.629" classname="com.leafBot.testcases.TC001_LoginLogout"/>
</testsuite> <!-- com.leafBot.testcases.TC001_LoginLogout -->
